<?xml version="1.0" encoding="UTF-8"?>
<!-- Generated by org.testng.reporters.JUnitReportReporter -->
<testsuite hostname="GLOENML-GJUJG3Q" name="com.automation.myapps.app_config" tests="1" failures="0" timestamp="5 Oct 2016 04:26:28 GMT" time="55.206" errors="0">
  <testcase name="f" time="55.206" classname="com.automation.myapps.app_config"/>
</testsuite> <!-- com.automation.myapps.app_config -->
