<?xml version="1.0" encoding="UTF-8"?>
<!-- Generated by org.testng.reporters.JUnitReportReporter -->
<testsuite hostname="GLOENML-GJUJG3Q" name="com.utilities.GenericFun" tests="1" failures="0" timestamp="5 Oct 2016 08:53:50 GMT" time="0.922" errors="0">
  <testcase name="readExceldata" time="0.922" classname="com.utilities.GenericFun"/>
</testsuite> <!-- com.utilities.GenericFun -->
